<?xml version="1.0" encoding="UTF-8"?>
<!-- Generated by org.testng.reporters.JUnitXMLReporter -->
<testsuite hostname="INW1PF1PY3M7" name="Test" tests="5" failures="1" timestamp="19 Jan 2020 10:09:14 GMT" time="7.175" errors="0">
  <testcase name="verifyThatUserShouldBeAbleToCreateBokings" time="2.414" classname="scripts.VerifyOnCreateBookings">
    <failure type="java.lang.AssertionError" message="expected [201] but found [409]">
      <![CDATA[java.lang.AssertionError: expected [201] but found [409]
	at scripts.VerifyOnCreateBookings.verifyThatUserShouldBeAbleToCreateBokings(VerifyOnCreateBookings.java:36)
... Removed 29 stack frames]]>
    </failure>
  </testcase> <!-- verifyThatUserShouldBeAbleToCreateBokings -->
  <testcase name="verifyThatDataReturnedForExistingBokingMatches" time="0.002" classname="scripts.VerifyOnCreateBookings">
    <skipped/>
  </testcase> <!-- verifyThatDataReturnedForExistingBokingMatches -->
  <testcase name="verifyThatUserShouldNotBeAllowedToCreateBokingsOnSameDate" time="1.541" classname="scripts.VerifyOnCreateBookings"/>
  <testcase name="verifyThatUserShouldNotBeAllowedToCreateBokingsIfCheckOutDateIsLessThanCheckInDateWithTime" time="1.6" classname="scripts.VerifyOnCreateBookings"/>
  <testcase name="verifyThatUserShouldNotBeAllowedToCreateBokingsIfCheckOutDateIsLessThanCheckInDate" time="1.594" classname="scripts.VerifyOnCreateBookings"/>
</testsuite> <!-- Test -->
